2022-12-29T06:57:21+00:00 CRITICAL Uncaught Error: Call to undefined function encrypt() in /var/www/html/rithika/woocommerce/wp-content/plugins/ccavanue-woocommerce-payment-getway/index.php:580
Stack trace:
#0 /var/www/html/rithika/woocommerce/wp-content/plugins/woocommerce/includes/class-wc-checkout.php(982): WC_nilesh_Ccave->process_payment()
#1 /var/www/html/rithika/woocommerce/wp-content/plugins/woocommerce/includes/class-wc-checkout.php(1206): WC_Checkout->process_order_payment()
#2 /var/www/html/rithika/woocommerce/wp-content/plugins/woocommerce/includes/class-wc-ajax.php(478): WC_Checkout->process_checkout()
#3 /var/www/html/rithika/woocommerce/wp-includes/class-wp-hook.php(308): WC_AJAX::checkout()
#4 /var/www/html/rithika/woocommerce/wp-includes/class-wp-hook.php(332): WP_Hook->apply_filters()
#5 /var/www/html/rithika/woocommerce/wp-includes/plugin.php(517): WP_Hook->do_action()
#6 /var/www/html/rithika/woocommerce/wp-content/plugins/woocommerce/includes/class-wc-ajax.php(93): do_action()
#7 /var/www/html/rithika/woocommerce/wp-includ in /var/www/html/rithika/woocommerce/wp-content/plugins/ccavanue-woocommerce-payment-getway/index.php on line 580

2022-12-29T06:57:47+00:00 CRITICAL Uncaught Error: Call to undefined function encrypt() in /var/www/html/rithika/woocommerce/wp-content/plugins/ccavanue-woocommerce-payment-getway/index.php:580
Stack trace:
#0 /var/www/html/rithika/woocommerce/wp-content/plugins/woocommerce/includes/class-wc-checkout.php(982): WC_nilesh_Ccave->process_payment()
#1 /var/www/html/rithika/woocommerce/wp-content/plugins/woocommerce/includes/class-wc-checkout.php(1206): WC_Checkout->process_order_payment()
#2 /var/www/html/rithika/woocommerce/wp-content/plugins/woocommerce/includes/class-wc-ajax.php(478): WC_Checkout->process_checkout()
#3 /var/www/html/rithika/woocommerce/wp-includes/class-wp-hook.php(308): WC_AJAX::checkout()
#4 /var/www/html/rithika/woocommerce/wp-includes/class-wp-hook.php(332): WP_Hook->apply_filters()
#5 /var/www/html/rithika/woocommerce/wp-includes/plugin.php(517): WP_Hook->do_action()
#6 /var/www/html/rithika/woocommerce/wp-content/plugins/woocommerce/includes/class-wc-ajax.php(93): do_action()
#7 /var/www/html/rithika/woocommerce/wp-includ in /var/www/html/rithika/woocommerce/wp-content/plugins/ccavanue-woocommerce-payment-getway/index.php on line 580

2022-12-29T06:59:42+00:00 CRITICAL Uncaught Error: Call to undefined function encrypt() in /var/www/html/rithika/woocommerce/wp-content/plugins/ccavanue-woocommerce-payment-getway/index.php:580
Stack trace:
#0 /var/www/html/rithika/woocommerce/wp-content/plugins/woocommerce/includes/class-wc-checkout.php(982): WC_nilesh_Ccave->process_payment()
#1 /var/www/html/rithika/woocommerce/wp-content/plugins/woocommerce/includes/class-wc-checkout.php(1206): WC_Checkout->process_order_payment()
#2 /var/www/html/rithika/woocommerce/wp-content/plugins/woocommerce/includes/class-wc-ajax.php(478): WC_Checkout->process_checkout()
#3 /var/www/html/rithika/woocommerce/wp-includes/class-wp-hook.php(308): WC_AJAX::checkout()
#4 /var/www/html/rithika/woocommerce/wp-includes/class-wp-hook.php(332): WP_Hook->apply_filters()
#5 /var/www/html/rithika/woocommerce/wp-includes/plugin.php(517): WP_Hook->do_action()
#6 /var/www/html/rithika/woocommerce/wp-content/plugins/woocommerce/includes/class-wc-ajax.php(93): do_action()
#7 /var/www/html/rithika/woocommerce/wp-includ in /var/www/html/rithika/woocommerce/wp-content/plugins/ccavanue-woocommerce-payment-getway/index.php on line 580

2022-12-29T07:01:44+00:00 CRITICAL Uncaught Error: Call to undefined function encrypt() in /var/www/html/rithika/woocommerce/wp-content/plugins/ccavanue-woocommerce-payment-getway/index.php:580
Stack trace:
#0 /var/www/html/rithika/woocommerce/wp-content/plugins/woocommerce/includes/class-wc-checkout.php(982): WC_nilesh_Ccave->process_payment()
#1 /var/www/html/rithika/woocommerce/wp-content/plugins/woocommerce/includes/class-wc-checkout.php(1206): WC_Checkout->process_order_payment()
#2 /var/www/html/rithika/woocommerce/wp-content/plugins/woocommerce/includes/class-wc-ajax.php(478): WC_Checkout->process_checkout()
#3 /var/www/html/rithika/woocommerce/wp-includes/class-wp-hook.php(308): WC_AJAX::checkout()
#4 /var/www/html/rithika/woocommerce/wp-includes/class-wp-hook.php(332): WP_Hook->apply_filters()
#5 /var/www/html/rithika/woocommerce/wp-includes/plugin.php(517): WP_Hook->do_action()
#6 /var/www/html/rithika/woocommerce/wp-content/plugins/woocommerce/includes/class-wc-ajax.php(93): do_action()
#7 /var/www/html/rithika/woocommerce/wp-includ in /var/www/html/rithika/woocommerce/wp-content/plugins/ccavanue-woocommerce-payment-getway/index.php on line 580

2022-12-29T10:26:16+00:00 CRITICAL Uncaught Error: Call to undefined function encrypt() in /var/www/html/rithika/woocommerce/wp-content/plugins/ccavanue-woocommerce-payment-getway/index.php:580
Stack trace:
#0 /var/www/html/rithika/woocommerce/wp-content/plugins/woocommerce/includes/class-wc-checkout.php(982): WC_nilesh_Ccave->process_payment()
#1 /var/www/html/rithika/woocommerce/wp-content/plugins/woocommerce/includes/class-wc-checkout.php(1206): WC_Checkout->process_order_payment()
#2 /var/www/html/rithika/woocommerce/wp-content/plugins/woocommerce/includes/class-wc-ajax.php(478): WC_Checkout->process_checkout()
#3 /var/www/html/rithika/woocommerce/wp-includes/class-wp-hook.php(308): WC_AJAX::checkout()
#4 /var/www/html/rithika/woocommerce/wp-includes/class-wp-hook.php(332): WP_Hook->apply_filters()
#5 /var/www/html/rithika/woocommerce/wp-includes/plugin.php(517): WP_Hook->do_action()
#6 /var/www/html/rithika/woocommerce/wp-content/plugins/woocommerce/includes/class-wc-ajax.php(93): do_action()
#7 /var/www/html/rithika/woocommerce/wp-includ in /var/www/html/rithika/woocommerce/wp-content/plugins/ccavanue-woocommerce-payment-getway/index.php on line 580

